  AxImage.cpp
  AxManager.cpp
  AxPaths.cpp
  Ax_Fwd_Definitions.cpp
  FxConfigFile.cpp
  FxDataPack.cpp
  FxMeshGen.cpp
  FxSceneFile.cpp
  FxShaderCompiler.cpp
  FxShaderPreproc.cpp
  AxLoaderGltf.cpp
  AxLoaderJpeg.cpp
C:\Users\ethan\source\repos\foxtrot\Src\Asset\AxPaths.cpp(14,1): warning C4715: 'FxAssetPath': not all control paths return a value
  AxLoaderSlang.cpp
  AxLoaderStb.cpp
  FxAnonArray.cpp
  FxBasicDb.cpp
  FxBitset.cpp
  FxFile.cpp
  FxFilesystemIO.cpp
  FxLog.cpp
  FxPanic.cpp
  FxString.cpp
  FxUtil.cpp
  FxMemPool.cpp
  FxMemPoolLegacy.cpp
  FxThread_Posix.cpp
  FoxtrotGame.cpp
  FxAnimationManager.cpp
  FxColor.cpp
  FxControls.cpp
  FxEngine.cpp
C:\Users\ethan\source\repos\foxtrot\Src\Core\MemPool\FxMemPool.cpp(661,5): warning C4805: '==': unsafe mix of type 'int' and type 'const bool' in operation
  FxEntity.cpp
  FxMaterial.cpp
  FxObject.cpp
  FxObjectManager.cpp
  FxPlayer.cpp
  FxScene.cpp
  Main.cpp
  FxMathUtil.cpp
  FxNeonUtil.cpp
  FxSSEUtil.cpp
  FxBoundingBox_Neon.cpp
  FxMat4_AVX.cpp
  FxMat4_Neon.cpp
  FxQuat_AVX.cpp
  FxQuat_Fallback.cpp
  FxQuat_Neon.cpp
  FxVec3_AVX.cpp
  FxVec3_Fallback.cpp
  FxVec3_Neon.cpp
  FxVec4_AVX.cpp
  FxVec4_Fallback.cpp
  FxVec4_Neon.cpp
  PhJolt.cpp
  PhMesh.cpp
  PhObject.cpp
  PhPlayer.cpp
  Rx_Fwd_Definitions.cpp
  RxCommands.cpp
  RxDescriptorCache.cpp
  RxDescriptors.cpp
  RxDevice.cpp
  RxDsLayoutBuilder.cpp
  RxExtensionHandles.cpp
  RxFrameData.cpp
  RxFramebuffer.cpp
  RxGpuBuffer.cpp
  RxImage.cpp
  RxPipeline.cpp
  RxRenderPass.cpp
  RxSampler.cpp
  RxShader.cpp
  RxSwapchain.cpp
  RxSynchro.cpp
  RxUtil.cpp
  FxOrthoCamera.cpp
  FxPerspectiveCamera.cpp
  FxCamera.cpp
  FxLight.cpp
  FxWindow.cpp
  RxAttachment.cpp
  RxCommandManager.cpp
C:\Users\ethan\source\repos\foxtrot\Src\Renderer\Backend\RxSampler.cpp(49,1): warning C4715: 'GetVkBorderColor': not all control paths return a value
C:\Users\ethan\source\repos\foxtrot\Src\Renderer\Backend\RxSampler.cpp(59,1): warning C4715: 'GetVkAddressMode': not all control paths return a value
C:\Users\ethan\source\repos\foxtrot\Src\Renderer\Backend\RxSampler.cpp(77,1): warning C4715: 'GetVkCompareOp': not all control paths return a value
  RxDeferred.cpp
  RxGlobals.cpp
  RxRenderBackend.cpp
  RxRenderStage.cpp
  RxShaderCache.cpp
  RxShadowDirectional.cpp
  RxState.cpp
  RxUniformBuffer.cpp
  RxVertex.cpp
  RxVertexList.cpp
  FxScript.cpp
  AABBTreeBuilder.cpp
  Color.cpp
  Factory.cpp
  IssueReporting.cpp
  JobSystemSingleThreaded.cpp
  JobSystemThreadPool.cpp
  JobSystemWithBarrier.cpp
  LinearCurve.cpp
  Memory.cpp
  Profiler.cpp
  RTTI.cpp
  Semaphore.cpp
  StringTools.cpp
  TickCounter.cpp
  ConvexHullBuilder.cpp
  ConvexHullBuilder2D.cpp
  Indexify.cpp
  OrientedBox.cpp
  Vec3.cpp
  ObjectStream.cpp
  ObjectStreamBinaryIn.cpp
  ObjectStreamBinaryOut.cpp
  ObjectStreamIn.cpp
  ObjectStreamOut.cpp
  ObjectStreamTextIn.cpp
  ObjectStreamTextOut.cpp
  SerializableObject.cpp
  TypeDeclarations.cpp
  Body.cpp
  BodyCreationSettings.cpp
  BodyInterface.cpp
  BodyManager.cpp
  MassProperties.cpp
  MotionProperties.cpp
  Character.cpp
  CharacterBase.cpp
  CharacterVirtual.cpp
  BroadPhase.cpp
  BroadPhaseBruteForce.cpp
  BroadPhaseQuadTree.cpp
  QuadTree.cpp
  CastConvexVsTriangles.cpp
  CastSphereVsTriangles.cpp
  CollideConvexVsTriangles.cpp
  CollideSphereVsTriangles.cpp
  CollisionDispatch.cpp
  CollisionGroup.cpp
  EstimateCollisionResponse.cpp
  GroupFilter.cpp
  GroupFilterTable.cpp
  ManifoldBetweenTwoFaces.cpp
  NarrowPhaseQuery.cpp
  NarrowPhaseStats.cpp
  PhysicsMaterial.cpp
  PhysicsMaterialSimple.cpp
  BoxShape.cpp
  CapsuleShape.cpp
  CompoundShape.cpp
  ConvexHullShape.cpp
  ConvexShape.cpp
  CylinderShape.cpp
  DecoratedShape.cpp
  EmptyShape.cpp
  HeightFieldShape.cpp
  MeshShape.cpp
  MutableCompoundShape.cpp
  OffsetCenterOfMassShape.cpp
  PlaneShape.cpp
  RotatedTranslatedShape.cpp
  ScaledShape.cpp
  Shape.cpp
  SphereShape.cpp
  StaticCompoundShape.cpp
  TaperedCapsuleShape.cpp
  TaperedCylinderShape.cpp
  TriangleShape.cpp
  TransformedShape.cpp
  ConeConstraint.cpp
  Constraint.cpp
  ConstraintManager.cpp
  ContactConstraintManager.cpp
  DistanceConstraint.cpp
  FixedConstraint.cpp
  GearConstraint.cpp
  HingeConstraint.cpp
  MotorSettings.cpp
  PathConstraint.cpp
  PathConstraintPath.cpp
  PathConstraintPathHermite.cpp
  PointConstraint.cpp
  PulleyConstraint.cpp
  RackAndPinionConstraint.cpp
  SixDOFConstraint.cpp
  SliderConstraint.cpp
  SpringSettings.cpp
  SwingTwistConstraint.cpp
  TwoBodyConstraint.cpp
  DeterminismLog.cpp
  IslandBuilder.cpp
  LargeIslandSplitter.cpp
  PhysicsScene.cpp
  PhysicsSystem.cpp
  PhysicsUpdateContext.cpp
  Ragdoll.cpp
  SoftBodyCreationSettings.cpp
  SoftBodyMotionProperties.cpp
  SoftBodyShape.cpp
  SoftBodySharedSettings.cpp
  StateRecorderImpl.cpp
  MotorcycleController.cpp
  TrackedVehicleController.cpp
  VehicleAntiRollBar.cpp
  VehicleCollisionTester.cpp
  VehicleConstraint.cpp
  VehicleController.cpp
  VehicleDifferential.cpp
  VehicleEngine.cpp
  VehicleTrack.cpp
  VehicleTransmission.cpp
  Wheel.cpp
  WheeledVehicleController.cpp
  RegisterTypes.cpp
  DebugRenderer.cpp
  DebugRendererPlayback.cpp
  DebugRendererRecorder.cpp
  DebugRendererSimple.cpp
  SkeletalAnimation.cpp
  Skeleton.cpp
  SkeletonMapper.cpp
  SkeletonPose.cpp
  TriangleSplitter.cpp
  TriangleSplitterBinning.cpp
  TriangleSplitterMean.cpp
  cgltf.cpp
  stb_image.cpp
  vma_usage.cpp
  FxTokenizer.cpp
  foxtrot.vcxproj -> C:\Users\ethan\source\repos\foxtrot\build\Release\foxtrot.exe
  'pwsh.exe' is not recognized as an internal or external command,
  operable program or batch file.
